<?xml version="1.0" encoding="UTF-8"?>
<testsuite name="controllers.NoteAPITest$PersistenceTests" tests="4" skipped="0" failures="0" errors="0" timestamp="2023-03-16T16:27:12" hostname="LAPTOP-10VB3NTU" time="1.881">
  <properties/>
  <testcase name="saving and loading an empty collection in XML doesn't crash app()" classname="controllers.NoteAPITest$PersistenceTests" time="1.4"/>
  <testcase name="saving and loading an loaded collection in JSON doesn't loose data()" classname="controllers.NoteAPITest$PersistenceTests" time="0.178"/>
  <testcase name="saving and loading an loaded collection in XML doesn't loose data()" classname="controllers.NoteAPITest$PersistenceTests" time="0.18"/>
  <testcase name="saving and loading an empty collection in JSON doesn't crash app()" classname="controllers.NoteAPITest$PersistenceTests" time="0.091"/>
  <system-out><![CDATA[]]></system-out>
  <system-err><![CDATA[]]></system-err>
</testsuite>
