<?xml version="1.0" encoding="UTF-8"?>
<testsuite name="controllers.NoteAPITest$DeleteNotes" tests="2" skipped="0" failures="0" errors="0" timestamp="2023-03-17T19:07:15" hostname="LAPTOP-10VB3NTU" time="0.116">
  <properties/>
  <testcase name="deleting a note that exists delete and returns deleted object()" classname="controllers.NoteAPITest$DeleteNotes" time="0.094"/>
  <testcase name="deleting a Note that does not exist, returns null()" classname="controllers.NoteAPITest$DeleteNotes" time="0.015"/>
  <system-out><![CDATA[]]></system-out>
  <system-err><![CDATA[]]></system-err>
</testsuite>
