<?xml version="1.0" encoding="UTF-8"?>
<testsuite name="controllers.NoteAPITest" tests="1" skipped="0" failures="0" errors="0" timestamp="2023-03-10T10:41:12" hostname="LAPTOP-10VB3NTU" time="0.221">
  <properties/>
  <testcase name="adding a Note to an empty list adds to ArrayList()" classname="controllers.NoteAPITest" time="0.221"/>
  <system-out><![CDATA[]]></system-out>
  <system-err><![CDATA[]]></system-err>
</testsuite>
